<?xml version="1.0" encoding="UTF-8"?>
<!-- Generated by org.testng.reporters.JUnitXMLReporter -->
<testsuite ignored="0" hostname="DESKTOP-RV69KVH" failures="0" tests="4" name="Default test" time="8.438" errors="0" timestamp="2024-04-09T12:00:10 IST">
  <testcase classname="testCases.TC_FakerrestAPI" name="getTest" time="4.699"/>
  <testcase classname="testCases.TC_FakerrestAPI" name="postTest" time="2.32"/>
  <testcase classname="testCases.TC_FakerrestAPI" name="putTest" time="0.722"/>
  <testcase classname="testCases.TC_FakerrestAPI" name="deleteTest" time="0.582"/>
</testsuite> <!-- Default test -->
