<?xml version="1.0" encoding="UTF-8"?>
<!-- Generated by org.testng.reporters.JUnitXMLReporter -->
<testsuite ignored="0" hostname="DESKTOP-RV69KVH" failures="0" tests="4" name="Test" time="12.195" errors="0" timestamp="2024-04-07T22:03:26 IST">
  <testcase classname="testCases.TC_FakerrestAPI" name="getTest" time="6.391"/>
  <testcase classname="testCases.TC_FakerrestAPI" name="postTest" time="4.237"/>
  <testcase classname="testCases.TC_FakerrestAPI" name="putTest" time="0.862"/>
  <testcase classname="testCases.TC_FakerrestAPI" name="deleteTest" time="0.57"/>
</testsuite> <!-- Test -->
