<?xml version="1.0" encoding="UTF-8"?>
<testng-results ignored="0" total="4" passed="4" failed="0" skipped="0">
  <reporter-output>
  </reporter-output>
  <suite started-at="2024-04-09T12:00:01 IST" name="Default suite" finished-at="2024-04-09T12:00:10 IST" duration-ms="8438">
    <groups>
    </groups>
    <test started-at="2024-04-09T12:00:01 IST" name="Default test" finished-at="2024-04-09T12:00:10 IST" duration-ms="8438">
      <class name="testCases.TC_FakerrestAPI">
        <test-method signature="getTest()[pri:1, instance:testCases.TC_FakerrestAPI@4802796d]" started-at="2024-04-09T12:00:01 IST" name="getTest" finished-at="2024-04-09T12:00:06 IST" duration-ms="4699" status="PASS">
          <reporter-output>
          </reporter-output>
        </test-method> <!-- getTest -->
        <test-method signature="postTest()[pri:2, instance:testCases.TC_FakerrestAPI@4802796d]" started-at="2024-04-09T12:00:06 IST" name="postTest" finished-at="2024-04-09T12:00:08 IST" duration-ms="2320" status="PASS">
          <reporter-output>
          </reporter-output>
        </test-method> <!-- postTest -->
        <test-method signature="putTest()[pri:3, instance:testCases.TC_FakerrestAPI@4802796d]" started-at="2024-04-09T12:00:08 IST" name="putTest" finished-at="2024-04-09T12:00:09 IST" duration-ms="722" status="PASS">
          <reporter-output>
          </reporter-output>
        </test-method> <!-- putTest -->
        <test-method signature="deleteTest()[pri:4, instance:testCases.TC_FakerrestAPI@4802796d]" started-at="2024-04-09T12:00:09 IST" name="deleteTest" finished-at="2024-04-09T12:00:10 IST" duration-ms="582" status="PASS">
          <reporter-output>
          </reporter-output>
        </test-method> <!-- deleteTest -->
      </class> <!-- testCases.TC_FakerrestAPI -->
    </test> <!-- Default test -->
  </suite> <!-- Default suite -->
</testng-results>
